#
# A fatal error has been detected by the Java Runtime Environment:
#
#  SIGFPE (0x8) at pc=0x00000001125ff8c8, pid=2286, tid=0x0000000000002403
#
# JRE version: Java(TM) SE Runtime Environment (8.0_301-b09) (build 1.8.0_301-b09)
# Java VM: Java HotSpot(TM) 64-Bit Server VM (25.301-b09 mixed mode bsd-amd64 compressed oops)
# Problematic frame:
# j  ch10_3_example.Calculator3.div(II)I+0
#
# Failed to write core dump. Core dumps have been disabled. To enable core dumping, try "ulimit -c unlimited" before starting Java again
#
# If you would like to submit a bug report, please visit:
#   http://bugreport.java.com/bugreport/crash.jsp
#

---------------  T H R E A D  ---------------

Current thread (0x00007fa6e380c000):  JavaThread "main" [_thread_in_Java, id=9219, stack(0x000000030c74f000,0x000000030c84f000)]

siginfo: si_signo: 8 (SIGFPE), si_code: 5 (FPE_FLTINV), si_addr: 0x00000001125ff8c8

Registers:
RAX=0x0000000000000004, RBX=0x000000000000006c, RCX=0x0000000000000000, RDX=0x0000000000000000
RSP=0x000000030c84e988, RBP=0x000000030c84e9c8, RSI=0x0000000000000003, RDI=0x00007fa6e380c000
R8 =0x0000000110f23730, R9 =0x0000000000000001, R10=0x0000000110f2ca80, R11=0x0000000110f1a32b
R12=0x0000000000000000, R13=0x00000001265eb5aa, R14=0x000000030c84e9e8, R15=0x00007fa6e380c000
RIP=0x00000001125ff8c8, EFLAGS=0x0000000000000a83, ERR=0x0000000000000000
  TRAPNO=0x0000000000000000

Top of Stack: (sp=0x000000030c84e988)
0x000000030c84e988:   000000030c84e988 00000001265eb5a8
0x000000030c84e998:   000000030c84e9e8 00000001265eb660
0x000000030c84e9a8:   0000000000000000 00000001265eb5f0
0x000000030c84e9b8:   0000000000000000 000000030c84e9e0
0x000000030c84e9c8:   000000030c84ea38 00000001125ead00
0x000000030c84e9d8:   0000000000000000 0000000000000000
0x000000030c84e9e8:   0000000000000004 000000079559e6d8
0x000000030c84e9f8:   000000030c84e9f8 00000001265ea40d
0x000000030c84ea08:   000000030c84ea58 00000001265eae98
0x000000030c84ea18:   0000000000000000 00000001265ea510
0x000000030c84ea28:   000000030c84e9e0 000000030c84ea58
0x000000030c84ea38:   000000030c84eac0 00000001125e37a7
0x000000030c84ea48:   0000000000000000 0000000000000000
0x000000030c84ea58:   00000007955efb08 00007fa600001fa0
0x000000030c84ea68:   00000001265ea510 000000030c84ee88
0x000000030c84ea78:   00007fa6e380c000 00007fa6e380c000
0x000000030c84ea88:   0000000000000001 000000030c84eb30
0x000000030c84ea98:   000000030c84ee88 000000000000000a
0x000000030c84eaa8:   00000001265ea510 00000001125f6600
0x000000030c84eab8:   000000030c84ece0 000000030c84ec30
0x000000030c84eac8:   0000000110ad63b3 0000000000000001
0x000000030c84ead8:   00007fa6e380c000 000000030c84ebd0
0x000000030c84eae8:   00007fa6e380c000 00007fa6e24088f0
0x000000030c84eaf8:   00007fa6e2408970 00007fa6e2408980
0x000000030c84eb08:   00007fa6e2408a58 00000000000000d8
0x000000030c84eb18:   00007fa6e2408820 00000001125e371f
0x000000030c84eb28:   000000030c84ee08 00007fa6e380c000
0x000000030c84eb38:   00007fa6e2409a20 00000001265ea510
0x000000030c84eb48:   0000000000000000 0000000000000000
0x000000030c84eb58:   0000000000000000 0000000000000000
0x000000030c84eb68:   000000030c84ee80 00000001125f6600
0x000000030c84eb78:   0000000000003200 000000030c84eba0 

Instructions: (pc=0x00000001125ff8c8)
0x00000001125ff8a8:   c8 8b 04 24 48 83 c4 08 81 f8 00 00 00 80 0f 85
0x00000001125ff8b8:   0b 00 00 00 33 d2 83 f9 ff 0f 84 03 00 00 00 99
0x00000001125ff8c8:   f7 f9 41 0f b6 5d 01 49 ff c5 49 ba 80 ca f2 10
0x00000001125ff8d8:   01 00 00 00 41 ff 24 da 80 00 00 00 00 00 00 00 

Register to memory mapping:

RAX=0x0000000000000004 is an unknown value
RBX=0x000000000000006c is an unknown value
RCX=0x0000000000000000 is an unknown value
RDX=0x0000000000000000 is an unknown value
RSP=0x000000030c84e988 is pointing into the stack for thread: 0x00007fa6e380c000
RBP=0x000000030c84e9c8 is pointing into the stack for thread: 0x00007fa6e380c000
RSI=0x0000000000000003 is an unknown value
RDI=0x00007fa6e380c000 is a thread
R8 =0x0000000110f23730: _ZN2os16_processor_countE+0 in /Library/Internet Plug-Ins/JavaAppletPlugin.plugin/Contents/Home/lib/server/libjvm.dylib at 0x0000000110800000
R9 =0x0000000000000001 is an unknown value
R10=0x0000000110f2ca80: _ZN19TemplateInterpreter13_active_tableE+0x2000 in /Library/Internet Plug-Ins/JavaAppletPlugin.plugin/Contents/Home/lib/server/libjvm.dylib at 0x0000000110800000
R11=0x0000000110f1a32b: AssumeMP+0 in /Library/Internet Plug-Ins/JavaAppletPlugin.plugin/Contents/Home/lib/server/libjvm.dylib at 0x0000000110800000
R12=0x0000000000000000 is an unknown value
R13=0x00000001265eb5aa is pointing into metadata
R14=0x000000030c84e9e8 is pointing into the stack for thread: 0x00007fa6e380c000
R15=0x00007fa6e380c000 is a thread


Stack: [0x000000030c74f000,0x000000030c84f000],  sp=0x000000030c84e988,  free space=1022k
Native frames: (J=compiled Java code, j=interpreted, Vv=VM code, C=native code)
j  ch10_3_example.Calculator3.div(II)I+0
j  ch10_3_example.ExceptExample.main([Ljava/lang/String;)V+5
v  ~StubRoutines::call_stub
V  [libjvm.dylib+0x2d63b3]
V  [libjvm.dylib+0x306ce6]
V  [libjvm.dylib+0x30a351]
C  [java+0x3858]  JavaMain+0x9bb
C  [libsystem_pthread.dylib+0x6950]  _pthread_start+0xe0
C  [libsystem_pthread.dylib+0x247b]  thread_start+0xf
C  0x0000000000000000


---------------  P R O C E S S  ---------------

Java Threads: ( => current thread )
  0x00007fa6e405f000 JavaThread "Service Thread" daemon [_thread_blocked, id=41479, stack(0x000000030d992000,0x000000030da92000)]
  0x00007fa6e388f800 JavaThread "C1 CompilerThread3" daemon [_thread_blocked, id=41987, stack(0x000000030d88f000,0x000000030d98f000)]
  0x00007fa6e4053800 JavaThread "C2 CompilerThread2" daemon [_thread_blocked, id=22787, stack(0x000000030d78c000,0x000000030d88c000)]
  0x00007fa6e4052800 JavaThread "C2 CompilerThread1" daemon [_thread_blocked, id=22531, stack(0x000000030d689000,0x000000030d789000)]
  0x00007fa6e4051000 JavaThread "C2 CompilerThread0" daemon [_thread_blocked, id=42499, stack(0x000000030d586000,0x000000030d686000)]
  0x00007fa6e385e800 JavaThread "Signal Dispatcher" daemon [_thread_blocked, id=22019, stack(0x000000030d483000,0x000000030d583000)]
  0x00007fa6e3826000 JavaThread "Finalizer" daemon [_thread_blocked, id=13343, stack(0x000000030d270000,0x000000030d370000)]
  0x00007fa6e3823800 JavaThread "Reference Handler" daemon [_thread_blocked, id=18211, stack(0x000000030d16d000,0x000000030d26d000)]
=>0x00007fa6e380c000 JavaThread "main" [_thread_in_Java, id=9219, stack(0x000000030c74f000,0x000000030c84f000)]

Other Threads:
  0x00007fa6e4048800 VMThread [stack: 0x000000030d06a000,0x000000030d16a000] [id=18691]
  0x00007fa6e384e000 WatcherThread [stack: 0x000000030da95000,0x000000030db95000] [id=40971]

VM state:not at safepoint (normal execution)

VM Mutex/Monitor currently owned by a thread: None

heap address: 0x0000000740000000, size: 2048 MB, Compressed Oops mode: Zero based, Oop shift amount: 3
Narrow klass base: 0x0000000000000000, Narrow klass shift: 3
Compressed class space size: 1073741824 Address: 0x00000007c0000000

Heap:
 PSYoungGen      total 38400K, used 1331K [0x0000000795580000, 0x0000000798000000, 0x00000007c0000000)
  eden space 33280K, 4% used [0x0000000795580000,0x00000007956ccce8,0x0000000797600000)
  from space 5120K, 0% used [0x0000000797b00000,0x0000000797b00000,0x0000000798000000)
  to   space 5120K, 0% used [0x0000000797600000,0x0000000797600000,0x0000000797b00000)
 ParOldGen       total 87552K, used 0K [0x0000000740000000, 0x0000000745580000, 0x0000000795580000)
  object space 87552K, 0% used [0x0000000740000000,0x0000000740000000,0x0000000745580000)
 Metaspace       used 2539K, capacity 4492K, committed 4864K, reserved 1056768K
  class space    used 272K, capacity 388K, committed 512K, reserved 1048576K

Card table byte_map: [0x00000001219a3000,0x0000000121da4000] byte_map_base: 0x000000011dfa3000

Marking Bits: (ParMarkBitMap*) 0x0000000110f24298
 Begin Bits: [0x0000000121dc2000, 0x0000000123dc2000)
 End Bits:   [0x0000000123dc2000, 0x0000000125dc2000)

Polling page: 0x000000010c4b2000

CodeCache: size=245760Kb used=1099Kb max_used=1099Kb free=244660Kb
 bounds [0x00000001125e3000, 0x0000000112853000, 0x00000001215e3000]
 total_blobs=247 nmethods=18 adapters=145
 compilation: enabled

Compilation events (10 events):
Event: 0.067 Thread 0x00007fa6e388f800   15       1       java.lang.ref.Reference::get (5 bytes)
Event: 0.067 Thread 0x00007fa6e388f800 nmethod 15 0x00000001126f0b50 code [0x00000001126f0ca0, 0x00000001126f0db0]
Event: 0.067 Thread 0x00007fa6e388f800   14       1       java.lang.ThreadLocal::access$400 (5 bytes)
Event: 0.067 Thread 0x00007fa6e388f800 nmethod 14 0x00000001126f0890 code [0x00000001126f09e0, 0x00000001126f0ad0]
Event: 0.071 Thread 0x00007fa6e388f800   17       3       java.lang.String::startsWith (72 bytes)
Event: 0.071 Thread 0x00007fa6e388f800 nmethod 17 0x00000001126f48d0 code [0x00000001126f4a40, 0x00000001126f4d70]
Event: 0.071 Thread 0x00007fa6e388f800   16       3       java.lang.AbstractStringBuilder::append (50 bytes)
Event: 0.072 Thread 0x00007fa6e388f800 nmethod 16 0x00000001126f4f50 code [0x00000001126f5120, 0x00000001126f5878]
Event: 0.072 Thread 0x00007fa6e388f800   18       3       java.lang.String::indexOf (7 bytes)
Event: 0.072 Thread 0x00007fa6e388f800 nmethod 18 0x00000001126f5b90 code [0x00000001126f5d00, 0x00000001126f5f08]

GC Heap History (0 events):
No events

Deoptimization events (0 events):
No events

Classes redefined (0 events):
No events

Internal exceptions (2 events):
Event: 0.028 Thread 0x00007fa6e380c000 Exception <a 'java/lang/NoSuchMethodError': Method sun.misc.Unsafe.defineClass(Ljava/lang/String;[BII)Ljava/lang/Class; name or signature does not match> (0x0000000795587cc0) thrown at [/System/Volumes/Data/jenkins/workspace/8-2-build-macosx-x86_64/jdk8u3
Event: 0.028 Thread 0x00007fa6e380c000 Exception <a 'java/lang/NoSuchMethodError': Method sun.misc.Unsafe.prefetchRead(Ljava/lang/Object;J)V name or signature does not match> (0x0000000795587fa8) thrown at [/System/Volumes/Data/jenkins/workspace/8-2-build-macosx-x86_64/jdk8u301/1513/hotspot/sr

Events (10 events):
Event: 0.071 loading class ch10_3_example/BizNegativeNumberException
Event: 0.071 loading class ch10_3_example/BizNegativeNumberException done
Event: 0.071 loading class ch10_3_example/BizThousandOverException
Event: 0.071 loading class ch10_3_example/BizThousandOverException done
Event: 0.071 loading class ch10_3_example/BizDivideByZeroException
Event: 0.071 loading class ch10_3_example/BizDivideByZeroException done
Event: 0.072 loading class java/lang/Void
Event: 0.072 loading class java/lang/Void done
Event: 0.073 loading class ch10_3_example/Calculator3
Event: 0.073 loading class ch10_3_example/Calculator3 done


Dynamic libraries:
0x00007ffdffd73000 	/Library/Apple/usr/libexec/oah/runtime
0x00007fff352a4000 	/System/Library/Frameworks/Cocoa.framework/Versions/A/Cocoa
0x00007fff2214c000 	/System/Library/Frameworks/Security.framework/Versions/A/Security
0x00007fff334a1000 	/System/Library/Frameworks/ApplicationServices.framework/Versions/A/ApplicationServices
0x00007fff2a5f2000 	/usr/lib/libz.1.dylib
0x00007fff2a6be000 	/usr/lib/libSystem.B.dylib
0x00007fff203dd000 	/System/Library/Frameworks/CoreFoundation.framework/Versions/A/CoreFoundation
0x00007fff210bf000 	/System/Library/Frameworks/Foundation.framework/Versions/C/Foundation
0x00007fff201fc000 	/usr/lib/libobjc.A.dylib
0x00007fff22b73000 	/System/Library/Frameworks/AppKit.framework/Versions/C/AppKit
0x00007fff25a31000 	/System/Library/Frameworks/CoreData.framework/Versions/A/CoreData
0x00007fff238d6000 	/System/Library/PrivateFrameworks/UIFoundation.framework/Versions/A/UIFoundation
0x00007fff2fe80000 	/System/Library/PrivateFrameworks/RemoteViewServices.framework/Versions/A/RemoteViewServices
0x00007fff28c0d000 	/System/Library/PrivateFrameworks/XCTTargetBootstrap.framework/Versions/A/XCTTargetBootstrap
0x00007fff2b95c000 	/usr/lib/libspindump.dylib
0x00007fff23b2b000 	/System/Library/Frameworks/UniformTypeIdentifiers.framework/Versions/A/UniformTypeIdentifiers
0x00007fff273e3000 	/usr/lib/libapp_launch_measurement.dylib
0x00007fff273e6000 	/System/Library/PrivateFrameworks/CoreAutoLayout.framework/Versions/A/CoreAutoLayout
0x00007fff2856f000 	/System/Library/Frameworks/Metal.framework/Versions/A/Metal
0x00007fff29263000 	/usr/lib/liblangid.dylib
0x00007fff28c11000 	/System/Library/PrivateFrameworks/CoreSVG.framework/Versions/A/CoreSVG
0x00007fff24b12000 	/System/Library/PrivateFrameworks/SkyLight.framework/Versions/A/SkyLight
0x00007fff24e79000 	/System/Library/Frameworks/CoreGraphics.framework/Versions/A/CoreGraphics
0x00007fff304d7000 	/System/Library/Frameworks/Accelerate.framework/Versions/A/Accelerate
0x00007fff2b397000 	/System/Library/PrivateFrameworks/IconServices.framework/Versions/A/IconServices
0x00007fff28554000 	/System/Library/Frameworks/IOSurface.framework/Versions/A/IOSurface
0x00007fff263c3000 	/usr/lib/libDiagnosticMessagesClient.dylib
0x00007fff28bf9000 	/System/Library/PrivateFrameworks/DFRFoundation.framework/Versions/A/DFRFoundation
0x00007fff2249e000 	/usr/lib/libicucore.A.dylib
0x00007fff2cea1000 	/System/Library/Frameworks/AudioToolbox.framework/Versions/A/AudioToolbox
0x00007fff2c146000 	/System/Library/PrivateFrameworks/DataDetectorsCore.framework/Versions/A/DataDetectorsCore
0x00007fff288f9000 	/System/Library/Frameworks/Carbon.framework/Versions/A/Frameworks/HIToolbox.framework/Versions/A/HIToolbox
0x00007fff26e3e000 	/System/Library/Frameworks/QuartzCore.framework/Versions/A/QuartzCore
0x00007fff2febc000 	/System/Library/Frameworks/Carbon.framework/Versions/A/Frameworks/SpeechRecognition.framework/Versions/A/SpeechRecognition
0x00007fff2714b000 	/System/Library/PrivateFrameworks/CoreUI.framework/Versions/A/CoreUI
0x00007fff21aa7000 	/System/Library/Frameworks/CoreAudio.framework/Versions/A/CoreAudio
0x00007fff264ae000 	/System/Library/Frameworks/DiskArbitration.framework/Versions/A/DiskArbitration
0x00007fff2bd56000 	/System/Library/PrivateFrameworks/MultitouchSupport.framework/Versions/A/MultitouchSupport
0x00007fff2c13d000 	/System/Library/PrivateFrameworks/InternationalSupport.framework/Versions/A/InternationalSupport
0x00007fff24a86000 	/usr/lib/libenergytrace.dylib
0x00007fff22a6c000 	/System/Library/Frameworks/IOKit.framework/Versions/A/IOKit
0x00007fff30209000 	/System/Library/Frameworks/CoreServices.framework/Versions/A/CoreServices
0x00007fff27379000 	/System/Library/PrivateFrameworks/PerformanceAnalysis.framework/Versions/A/PerformanceAnalysis
0x00007fff6cb7f000 	/System/Library/Frameworks/OpenGL.framework/Versions/A/OpenGL
0x00007fff2c1c2000 	/System/Library/PrivateFrameworks/UserActivity.framework/Versions/A/UserActivity
0x00007fff25533000 	/System/Library/Frameworks/ColorSync.framework/Versions/A/ColorSync
0x00007fff28e7a000 	/System/Library/Frameworks/CoreImage.framework/Versions/A/CoreImage
0x00007fff218be000 	/System/Library/Frameworks/CoreText.framework/Versions/A/CoreText
0x00007fff28c3b000 	/System/Library/Frameworks/ImageIO.framework/Versions/A/ImageIO
0x00007fff2a6c4000 	/System/Library/PrivateFrameworks/SoftLinking.framework/Versions/A/SoftLinking
0x00007fff2742f000 	/usr/lib/libxml2.2.dylib
0x00007fff202c2000 	/usr/lib/libc++.1.dylib
0x00007fff2a936000 	/usr/lib/libcompression.dylib
0x00007fff24a87000 	/usr/lib/libMobileGestalt.dylib
0x00007fff2c070000 	/System/Library/PrivateFrameworks/TextureIO.framework/Versions/A/TextureIO
0x00007fff2b024000 	/usr/lib/libate.dylib
0x00007fff2a6b8000 	/usr/lib/system/libcache.dylib
0x00007fff2a674000 	/usr/lib/system/libcommonCrypto.dylib
0x00007fff2a69e000 	/usr/lib/system/libcompiler_rt.dylib
0x00007fff2a693000 	/usr/lib/system/libcopyfile.dylib
0x00007fff200ea000 	/usr/lib/system/libcorecrypto.dylib
0x00007fff201b7000 	/usr/lib/system/libdispatch.dylib
0x00007fff2036c000 	/usr/lib/system/libdyld.dylib
0x00007fff2a6af000 	/usr/lib/system/libkeymgr.dylib
0x00007fff2dc53000 	/usr/lib/system/liblaunch.dylib
0x00007fff2a652000 	/usr/lib/system/libmacho.dylib
0x00007fff29e67000 	/usr/lib/system/libquarantine.dylib
0x00007fff2a6ac000 	/usr/lib/system/libremovefile.dylib
0x00007fff24ae3000 	/usr/lib/system/libsystem_asl.dylib
0x00007fff2009a000 	/usr/lib/system/libsystem_blocks.dylib
0x00007fff20239000 	/usr/lib/system/libsystem_c.dylib
0x00007fff2a6a6000 	/usr/lib/system/libsystem_collections.dylib
0x00007fff29254000 	/usr/lib/system/libsystem_configuration.dylib
0x00007fff28543000 	/usr/lib/system/libsystem_containermanager.dylib
0x00007fff2a3ea000 	/usr/lib/system/libsystem_coreservices.dylib
0x00007fff22700000 	/usr/lib/system/libsystem_darwin.dylib
0x00007fff2a6b0000 	/usr/lib/system/libsystem_dnssd.dylib
0x00007fff20236000 	/usr/lib/system/libsystem_featureflags.dylib
0x00007fff203b1000 	/usr/lib/system/libsystem_info.dylib
0x00007fff2a605000 	/usr/lib/system/libsystem_m.dylib
0x00007fff2018a000 	/usr/lib/system/libsystem_malloc.dylib
0x00007fff24a77000 	/usr/lib/system/libsystem_networkextension.dylib
0x00007fff22b1b000 	/usr/lib/system/libsystem_notify.dylib
0x00007fff30107000 	/usr/lib/system/libsystem_product_info_filter.dylib
0x00007fff29258000 	/usr/lib/system/libsystem_sandbox.dylib
0x00007fff2a6a9000 	/usr/lib/system/libsystem_secinit.dylib
0x00007fff20331000 	/usr/lib/system/libsystem_kernel.dylib
0x00007fff203a7000 	/usr/lib/system/libsystem_platform.dylib
0x00007fff20360000 	/usr/lib/system/libsystem_pthread.dylib
0x00007fff26211000 	/usr/lib/system/libsystem_symptoms.dylib
0x00007fff200d2000 	/usr/lib/system/libsystem_trace.dylib
0x00007fff2a680000 	/usr/lib/system/libunwind.dylib
0x00007fff2009c000 	/usr/lib/system/libxpc.dylib
0x00007fff20318000 	/usr/lib/libc++abi.dylib
0x00007fff2a68b000 	/usr/lib/liboah.dylib
0x00007fff2ad4f000 	/usr/lib/liblzma.5.dylib
0x00007fff20dd3000 	/System/Library/Frameworks/SystemConfiguration.framework/Versions/A/SystemConfiguration
0x00007fff2a6c0000 	/usr/lib/libfakelink.dylib
0x00007fff245d9000 	/System/Library/Frameworks/CFNetwork.framework/Versions/A/CFNetwork
0x00007fff2a800000 	/usr/lib/libarchive.2.dylib
0x00007fff20e51000 	/usr/lib/libCRFSuite.dylib
0x00007fff29e8e000 	/usr/lib/libbsm.0.dylib
0x00007fff23f95000 	/usr/lib/libnetwork.dylib
0x00007fff2a6c5000 	/usr/lib/libpcap.A.dylib
0x00007fff2620a000 	/usr/lib/libdns_services.dylib
0x00007fff2ad68000 	/usr/lib/libcoretls_cfhelpers.dylib
0x00007fff2a904000 	/usr/lib/libapple_nghttp2.dylib
0x00007fff2a658000 	/usr/lib/system/libkxld.dylib
0x00007fff25e78000 	/usr/lib/libsqlite3.dylib
0x00007fff2a3cc000 	/System/Library/PrivateFrameworks/AppleFSCompression.framework/Versions/A/AppleFSCompression
0x00007fff29e76000 	/usr/lib/libcoretls.dylib
0x00007fff2a931000 	/usr/lib/libpam.2.dylib
0x00007fff2ae65000 	/usr/lib/libxar.1.dylib
0x00007fff2925f000 	/System/Library/PrivateFrameworks/AppleSystemInfo.framework/Versions/A/AppleSystemInfo
0x00007fff29ab9000 	/System/Library/PrivateFrameworks/IOMobileFramebuffer.framework/Versions/A/IOMobileFramebuffer
0x00007fff2a3dc000 	/usr/lib/libbz2.1.0.dylib
0x00007fff2a6fd000 	/usr/lib/libiconv.2.dylib
0x00007fff2a651000 	/usr/lib/libcharset.1.dylib
0x00007fff273b5000 	/System/Library/Frameworks/CoreServices.framework/Versions/A/Frameworks/FSEvents.framework/Versions/A/FSEvents
0x00007fff2270a000 	/System/Library/Frameworks/CoreServices.framework/Versions/A/Frameworks/CarbonCore.framework/Versions/A/CarbonCore
0x00007fff26413000 	/System/Library/Frameworks/CoreServices.framework/Versions/A/Frameworks/Metadata.framework/Versions/A/Metadata
0x00007fff2a3ef000 	/System/Library/Frameworks/CoreServices.framework/Versions/A/Frameworks/OSServices.framework/Versions/A/OSServices
0x00007fff2a872000 	/System/Library/Frameworks/CoreServices.framework/Versions/A/Frameworks/SearchKit.framework/Versions/A/SearchKit
0x00007fff26194000 	/System/Library/Frameworks/CoreServices.framework/Versions/A/Frameworks/AE.framework/Versions/A/AE
0x00007fff20879000 	/System/Library/Frameworks/CoreServices.framework/Versions/A/Frameworks/LaunchServices.framework/Versions/A/LaunchServices
0x00007fff2ad00000 	/System/Library/Frameworks/CoreServices.framework/Versions/A/Frameworks/DictionaryServices.framework/Versions/A/DictionaryServices
0x00007fff273be000 	/System/Library/Frameworks/CoreServices.framework/Versions/A/Frameworks/SharedFileList.framework/Versions/A/SharedFileList
0x00007fff29e6a000 	/usr/lib/libCheckFix.dylib
0x00007fff24afa000 	/System/Library/PrivateFrameworks/TCC.framework/Versions/A/TCC
0x00007fff29265000 	/System/Library/PrivateFrameworks/CoreNLP.framework/Versions/A/CoreNLP
0x00007fff263c6000 	/System/Library/PrivateFrameworks/MetadataUtilities.framework/Versions/A/MetadataUtilities
0x00007fff20e87000 	/usr/lib/libmecabra.dylib
0x00007fff2a17e000 	/System/Library/Frameworks/MLCompute.framework/Versions/A/MLCompute
0x00007fff29e9f000 	/usr/lib/libmecab.dylib
0x00007fff29ee9000 	/usr/lib/libgermantok.dylib
0x00007fff2a8da000 	/usr/lib/libThaiTokenizer.dylib
0x00007fff2aea0000 	/usr/lib/libChineseTokenizer.dylib
0x00007fff2a92f000 	/System/Library/Frameworks/MetalPerformanceShaders.framework/Versions/A/MetalPerformanceShaders
0x00007fff264b5000 	/System/Library/Frameworks/Accelerate.framework/Versions/A/Frameworks/vImage.framework/Versions/A/vImage
0x00007fff301e2000 	/System/Library/Frameworks/Accelerate.framework/Versions/A/Frameworks/vecLib.framework/Versions/A/vecLib
0x00007fff2aeab000 	/System/Library/Frameworks/Accelerate.framework/Versions/A/Frameworks/vecLib.framework/Versions/A/libvMisc.dylib
0x00007fff29915000 	/System/Library/Frameworks/Accelerate.framework/Versions/A/Frameworks/vecLib.framework/Versions/A/libvDSP.dylib
0x00007fff20b7d000 	/System/Library/Frameworks/Accelerate.framework/Versions/A/Frameworks/vecLib.framework/Versions/A/libBLAS.dylib
0x00007fff2a955000 	/System/Library/Frameworks/Accelerate.framework/Versions/A/Frameworks/vecLib.framework/Versions/A/libLAPACK.dylib
0x00007fff29eef000 	/System/Library/Frameworks/Accelerate.framework/Versions/A/Frameworks/vecLib.framework/Versions/A/libLinearAlgebra.dylib
0x00007fff2a91c000 	/System/Library/Frameworks/Accelerate.framework/Versions/A/Frameworks/vecLib.framework/Versions/A/libSparseBLAS.dylib
0x00007fff2a94f000 	/System/Library/Frameworks/Accelerate.framework/Versions/A/Frameworks/vecLib.framework/Versions/A/libQuadrature.dylib
0x00007fff2930d000 	/System/Library/Frameworks/Accelerate.framework/Versions/A/Frameworks/vecLib.framework/Versions/A/libBNNS.dylib
0x00007fff20d64000 	/System/Library/Frameworks/Accelerate.framework/Versions/A/Frameworks/vecLib.framework/Versions/A/libSparse.dylib
0x00007fff291f8000 	/System/Library/Frameworks/MetalPerformanceShaders.framework/Versions/A/Frameworks/MPSCore.framework/Versions/A/MPSCore
0x00007fff2a33b000 	/System/Library/Frameworks/MetalPerformanceShaders.framework/Versions/A/Frameworks/MPSImage.framework/Versions/A/MPSImage
0x00007fff29f06000 	/System/Library/Frameworks/MetalPerformanceShaders.framework/Versions/A/Frameworks/MPSNeuralNetwork.framework/Versions/A/MPSNeuralNetwork
0x00007fff2a2c6000 	/System/Library/Frameworks/MetalPerformanceShaders.framework/Versions/A/Frameworks/MPSMatrix.framework/Versions/A/MPSMatrix
0x00007fff2a12e000 	/System/Library/Frameworks/MetalPerformanceShaders.framework/Versions/A/Frameworks/MPSRayIntersector.framework/Versions/A/MPSRayIntersector
0x00007fff2a2fd000 	/System/Library/Frameworks/MetalPerformanceShaders.framework/Versions/A/Frameworks/MPSNDArray.framework/Versions/A/MPSNDArray
0x00007fff20aa9000 	/System/Library/PrivateFrameworks/MetalTools.framework/Versions/A/MetalTools
0x00007fff2925d000 	/System/Library/PrivateFrameworks/AggregateDictionary.framework/Versions/A/AggregateDictionary
0x00007fff2639e000 	/System/Library/PrivateFrameworks/CoreAnalytics.framework/Versions/A/CoreAnalytics
0x00007fff2a8dc000 	/System/Library/PrivateFrameworks/AppleSauce.framework/Versions/A/AppleSauce
0x00007fff28566000 	/System/Library/PrivateFrameworks/IOAccelerator.framework/Versions/A/IOAccelerator
0x00007fff6cb73000 	/System/Library/Frameworks/OpenGL.framework/Versions/A/Libraries/libCoreFSCache.dylib
0x00007fff21423000 	/System/Library/PrivateFrameworks/LanguageModeling.framework/Versions/A/LanguageModeling
0x00007fff29aa6000 	/System/Library/PrivateFrameworks/CoreEmoji.framework/Versions/A/CoreEmoji
0x00007fff29306000 	/System/Library/PrivateFrameworks/LinguisticData.framework/Versions/A/LinguisticData
0x00007fff20d16000 	/System/Library/PrivateFrameworks/Lexicon.framework/Versions/A/Lexicon
0x00007fff2a7ee000 	/usr/lib/libcmph.dylib
0x00007fff27395000 	/System/Library/Frameworks/OpenDirectory.framework/Versions/A/Frameworks/CFOpenDirectory.framework/Versions/A/CFOpenDirectory
0x00007fff27385000 	/System/Library/Frameworks/OpenDirectory.framework/Versions/A/OpenDirectory
0x00007fff2ad6a000 	/System/Library/PrivateFrameworks/APFS.framework/Versions/A/APFS
0x00007fff29dcb000 	/System/Library/Frameworks/SecurityFoundation.framework/Versions/A/SecurityFoundation
0x00007fff2ae73000 	/usr/lib/libutil.dylib
0x00007fff22a31000 	/System/Library/PrivateFrameworks/CoreServicesStore.framework/Versions/A/CoreServicesStore
0x00007fff29e62000 	/System/Library/Frameworks/ServiceManagement.framework/Versions/A/ServiceManagement
0x00007fff2ae77000 	/usr/lib/libxslt.1.dylib
0x00007fff29e58000 	/System/Library/PrivateFrameworks/BackgroundTaskManagement.framework/Versions/A/BackgroundTaskManagement
0x00007fff2bfbb000 	/System/Library/Frameworks/ImageIO.framework/Versions/A/Resources/libRadiance.dylib
0x00007fff2bfc4000 	/System/Library/Frameworks/ImageIO.framework/Versions/A/Resources/libJPEG.dylib
0x00007fff2bf10000 	/System/Library/Frameworks/ImageIO.framework/Versions/A/Resources/libPng.dylib
0x00007fff2bf37000 	/System/Library/Frameworks/ImageIO.framework/Versions/A/Resources/libTIFF.dylib
0x00007fff2c019000 	/System/Library/Frameworks/ImageIO.framework/Versions/A/Resources/libGIF.dylib
0x00007fff2bc74000 	/System/Library/Frameworks/ImageIO.framework/Versions/A/Resources/libJP2.dylib
0x00007fff2b35e000 	/usr/lib/libexpat.1.dylib
0x00007fff2bc29000 	/System/Library/PrivateFrameworks/AppleJPEG.framework/Versions/A/AppleJPEG
0x00007fff2879c000 	/System/Library/PrivateFrameworks/FontServices.framework/libFontParser.dylib
0x00007fff26148000 	/System/Library/PrivateFrameworks/RunningBoardServices.framework/Versions/A/RunningBoardServices
0x00007fff2bd52000 	/System/Library/PrivateFrameworks/WatchdogClient.framework/Versions/A/WatchdogClient
0x00007fff21510000 	/System/Library/Frameworks/CoreDisplay.framework/Versions/A/CoreDisplay
0x00007fff286b2000 	/System/Library/Frameworks/CoreMedia.framework/Versions/A/CoreMedia
0x00007fff27512000 	/System/Library/Frameworks/CoreVideo.framework/Versions/A/CoreVideo
0x00007fff2bd8a000 	/System/Library/Frameworks/VideoToolbox.framework/Versions/A/VideoToolbox
0x00007fff260c6000 	/System/Library/PrivateFrameworks/BaseBoard.framework/Versions/A/BaseBoard
0x00007fff2b4a3000 	/System/Library/PrivateFrameworks/PersistentConnection.framework/Versions/A/PersistentConnection
0x00007fff25e61000 	/System/Library/PrivateFrameworks/ProtocolBuffer.framework/Versions/A/ProtocolBuffer
0x00007fff260ad000 	/System/Library/PrivateFrameworks/CommonUtilities.framework/Versions/A/CommonUtilities
0x00007fff2bbbe000 	/System/Library/PrivateFrameworks/Bom.framework/Versions/A/Bom
0x00007fff2bfb4000 	/System/Library/PrivateFrameworks/GPUWrangler.framework/Versions/A/GPUWrangler
0x00007fff2bf97000 	/System/Library/PrivateFrameworks/IOPresentment.framework/Versions/A/IOPresentment
0x00007fff2bfbe000 	/System/Library/PrivateFrameworks/DSExternalDisplay.framework/Versions/A/DSExternalDisplay
0x00007fff2c01e000 	/System/Library/PrivateFrameworks/CMCaptureCore.framework/Versions/A/CMCaptureCore
0x00007fff2b943000 	/System/Library/PrivateFrameworks/AppServerSupport.framework/Versions/A/AppServerSupport
0x00007fff2d9f2000 	/System/Library/PrivateFrameworks/perfdata.framework/Versions/A/perfdata
0x00007fff29dba000 	/System/Library/PrivateFrameworks/AssertionServices.framework/Versions/A/AssertionServices
0x00007fff21647000 	/System/Library/PrivateFrameworks/AudioToolboxCore.framework/Versions/A/AudioToolboxCore
0x00007fff28695000 	/System/Library/PrivateFrameworks/caulk.framework/Versions/A/caulk
0x00007fff3d69d000 	/System/Library/PrivateFrameworks/SystemPolicy.framework/Versions/A/SystemPolicy
0x00007fff2b153000 	/usr/lib/libIOReport.dylib
0x00007fff2d214000 	/usr/lib/libSMC.dylib
0x00007fff2bedd000 	/usr/lib/libAudioToolboxUtility.dylib
0x00007fff3e007000 	/usr/lib/libmis.dylib
0x00007fff6cbcf000 	/System/Library/Frameworks/OpenGL.framework/Versions/A/Libraries/libGLU.dylib
0x00007fff6cb92000 	/System/Library/Frameworks/OpenGL.framework/Versions/A/Libraries/libGFXShared.dylib
0x00007fff6cda1000 	/System/Library/Frameworks/OpenGL.framework/Versions/A/Libraries/libGL.dylib
0x00007fff6cb9b000 	/System/Library/Frameworks/OpenGL.framework/Versions/A/Libraries/libGLImage.dylib
0x00007fff6cb8f000 	/System/Library/Frameworks/OpenGL.framework/Versions/A/Libraries/libCVMSPluginSupport.dylib
0x00007fff6cb7a000 	/System/Library/Frameworks/OpenGL.framework/Versions/A/Libraries/libCoreVMClient.dylib
0x00007fff6e1e2000 	/System/Library/Frameworks/OpenCL.framework/Versions/A/OpenCL
0x00007fff2b4cd000 	/System/Library/PrivateFrameworks/GraphVisualizer.framework/Versions/A/GraphVisualizer
0x00007fff2b4dc000 	/System/Library/PrivateFrameworks/FaceCore.framework/Versions/A/FaceCore
0x00007fff2b8f8000 	/System/Library/PrivateFrameworks/OTSVG.framework/Versions/A/OTSVG
0x00007fff27109000 	/System/Library/Frameworks/ApplicationServices.framework/Versions/A/Frameworks/ATS.framework/Versions/A/Resources/libFontRegistry.dylib
0x00007fff2b94a000 	/System/Library/PrivateFrameworks/FontServices.framework/libhvf.dylib
0x00007fff2b30a000 	/System/Library/PrivateFrameworks/AppleVA.framework/Versions/A/AppleVA
0x00007fff2d05d000 	/System/Library/Frameworks/ApplicationServices.framework/Versions/A/Frameworks/ATS.framework/Versions/A/ATS
0x00007fff2d36f000 	/System/Library/Frameworks/ApplicationServices.framework/Versions/A/Frameworks/ColorSyncLegacy.framework/Versions/A/ColorSyncLegacy
0x00007fff2562a000 	/System/Library/Frameworks/ApplicationServices.framework/Versions/A/Frameworks/HIServices.framework/Versions/A/HIServices
0x00007fff2d354000 	/System/Library/Frameworks/ApplicationServices.framework/Versions/A/Frameworks/LangAnalysis.framework/Versions/A/LangAnalysis
0x00007fff2c028000 	/System/Library/Frameworks/ApplicationServices.framework/Versions/A/Frameworks/PrintCore.framework/Versions/A/PrintCore
0x00007fff2d377000 	/System/Library/Frameworks/ApplicationServices.framework/Versions/A/Frameworks/QD.framework/Versions/A/QD
0x00007fff2d04d000 	/System/Library/Frameworks/ApplicationServices.framework/Versions/A/Frameworks/SpeechSynthesis.framework/Versions/A/SpeechSynthesis
0x00007fff2bfe9000 	/System/Library/Frameworks/ApplicationServices.framework/Versions/A/Frameworks/ATSUI.framework/Versions/A/ATSUI
0x00007fff2d2f4000 	/usr/lib/libcups.2.dylib
0x00007fff2d364000 	/System/Library/PrivateFrameworks/NetAuth.framework/Versions/A/NetAuth
0x00007fff2da0e000 	/System/Library/Frameworks/Kerberos.framework/Versions/A/Kerberos
0x00007fff2da1e000 	/System/Library/Frameworks/GSS.framework/Versions/A/GSS
0x00007fff2d0c9000 	/usr/lib/libresolv.9.dylib
0x00007fff2b95f000 	/System/Library/PrivateFrameworks/Heimdal.framework/Versions/A/Heimdal
0x00007fff337a2000 	/System/Library/Frameworks/Kerberos.framework/Versions/A/Libraries/libHeimdalProxy.dylib
0x00007fff26219000 	/System/Library/Frameworks/Network.framework/Versions/A/Network
0x00007fff2b378000 	/usr/lib/libheimdal-asn1.dylib
0x00007fff2da6e000 	/System/Library/PrivateFrameworks/CommonAuth.framework/Versions/A/CommonAuth
0x00007fff2755f000 	/System/Library/PrivateFrameworks/login.framework/Versions/A/Frameworks/loginsupport.framework/Versions/A/loginsupport
0x00007fff2cfd2000 	/System/Library/PrivateFrameworks/AudioSession.framework/Versions/A/AudioSession
0x00007fff2d03a000 	/usr/lib/libAudioStatistics.dylib
0x00007fff2b405000 	/System/Library/PrivateFrameworks/MediaExperience.framework/Versions/A/MediaExperience
0x00007fff2ce6f000 	/System/Library/PrivateFrameworks/AudioSession.framework/libSessionUtility.dylib
0x00007fff2d9ff000 	/usr/lib/libperfcheck.dylib
0x00007fff2d383000 	/System/Library/PrivateFrameworks/AudioResourceArbitration.framework/Versions/A/AudioResourceArbitration
0x00007fff2b382000 	/System/Library/PrivateFrameworks/IconFoundation.framework/Versions/A/IconFoundation
0x00007fff2feac000 	/System/Library/PrivateFrameworks/SpeechRecognitionCore.framework/Versions/A/SpeechRecognitionCore
0x00007fff5dfa9000 	/System/Library/CoreServices/Encodings/libKoreanConverter.dylib
0x0000000110800000 	/Library/Internet Plug-Ins/JavaAppletPlugin.plugin/Contents/Home/lib/server/libjvm.dylib
0x000000010c416000 	/Library/Internet Plug-Ins/JavaAppletPlugin.plugin/Contents/Home/lib/libverify.dylib
0x000000010c43b000 	/Library/Internet Plug-Ins/JavaAppletPlugin.plugin/Contents/Home/lib/libjava.dylib
0x000000010c4ff000 	/Library/Internet Plug-Ins/JavaAppletPlugin.plugin/Contents/Home/lib/libzip.dylib

VM Arguments:
jvm_args: -Dfile.encoding=UTF-8 
java_command: ch10_3_example.ExceptExample
java_class_path (initial): /Applications/Dev211/Studyjava/Chapter10_Exception/bin
Launcher Type: SUN_STANDARD

Environment Variables:
PATH=/usr/bin:/bin:/usr/sbin:/sbin
SHELL=/bin/zsh

Signal Handlers:
SIGSEGV: [libjvm.dylib+0x59bf91], sa_mask[0]=11111111111111111111111111111111, sa_flags=SA_ONSTACK|SA_RESTART|SA_SIGINFO
SIGBUS: [libjvm.dylib+0x59bf91], sa_mask[0]=11111111111111111111111111111111, sa_flags=SA_RESTART|SA_SIGINFO
SIGFPE: [libjvm.dylib+0x48f9b7], sa_mask[0]=11111111111111111111111111111111, sa_flags=SA_RESTART|SA_SIGINFO
SIGPIPE: [libjvm.dylib+0x48f9b7], sa_mask[0]=11111111111111111111111111111111, sa_flags=SA_RESTART|SA_SIGINFO
SIGXFSZ: [libjvm.dylib+0x48f9b7], sa_mask[0]=11111111111111111111111111111111, sa_flags=SA_RESTART|SA_SIGINFO
SIGILL: [libjvm.dylib+0x48f9b7], sa_mask[0]=11111111111111111111111111111111, sa_flags=SA_RESTART|SA_SIGINFO
SIGUSR1: SIG_DFL, sa_mask[0]=00000000000000000000000000000000, sa_flags=none
SIGUSR2: [libjvm.dylib+0x4902a6], sa_mask[0]=00100000000000000000000000000000, sa_flags=SA_RESTART|SA_SIGINFO
SIGHUP: [libjvm.dylib+0x48e503], sa_mask[0]=11111111111111111111111111111111, sa_flags=SA_RESTART|SA_SIGINFO
SIGINT: [libjvm.dylib+0x48e503], sa_mask[0]=11111111111111111111111111111111, sa_flags=SA_RESTART|SA_SIGINFO
SIGTERM: [libjvm.dylib+0x48e503], sa_mask[0]=11111111111111111111111111111111, sa_flags=SA_RESTART|SA_SIGINFO
SIGQUIT: [libjvm.dylib+0x48e503], sa_mask[0]=11111111111111111111111111111111, sa_flags=SA_RESTART|SA_SIGINFO


---------------  S Y S T E M  ---------------

OS:Bsduname:Darwin 20.3.0 Darwin Kernel Version 20.3.0: Thu Jan 21 00:06:51 PST 2021; root:xnu-7195.81.3~1/RELEASE_ARM64_T8101 x86_64
rlimit: STACK 8176k, CORE 0k, NPROC 1333, NOFILE 10240, AS infinity
load average:1.36 1.58 1.62

CPU:total 8 (initial active 8) (1 cores per cpu, 1 threads per core) family 6 model 44 stepping 0, cmov, cx8, fxsr, mmx, sse, sse2, sse3, ssse3, sse4.1, sse4.2, popcnt, aes, clmul, tsc, tscinvbit, tscinv

Memory: 4k page, physical 8388608k(35252k free)

/proc/meminfo:


vm_info: Java HotSpot(TM) 64-Bit Server VM (25.301-b09) for bsd-amd64 JRE (1.8.0_301-b09), built on Jun  9 2021 14:35:36 by "java_re" with gcc 4.2.1 Compatible Apple LLVM 11.0.0 (clang-1100.0.33.17)

time: Wed Aug 11 12:52:26 2021
timezone: KST
elapsed time: 0.080293 seconds (0d 0h 0m 0s)

