#
# A fatal error has been detected by the Java Runtime Environment:
#
#  SIGFPE (0x8) at pc=0x00000001135ff8c8, pid=1464, tid=0x0000000000001a03
#
# JRE version: Java(TM) SE Runtime Environment (8.0_301-b09) (build 1.8.0_301-b09)
# Java VM: Java HotSpot(TM) 64-Bit Server VM (25.301-b09 mixed mode bsd-amd64 compressed oops)
# Problematic frame:
# j  ch10_3_example.ExceptionCase2.main([Ljava/lang/String;)V+56
#
# Failed to write core dump. Core dumps have been disabled. To enable core dumping, try "ulimit -c unlimited" before starting Java again
#
# If you would like to submit a bug report, please visit:
#   http://bugreport.java.com/bugreport/crash.jsp
#

---------------  T H R E A D  ---------------

Current thread (0x00007f84ee00e800):  JavaThread "main" [_thread_in_Java, id=6659, stack(0x000000030dff5000,0x000000030e0f5000)]

siginfo: si_signo: 8 (SIGFPE), si_code: 5 (FPE_FLTINV), si_addr: 0x00000001135ff8c8

Registers:
RAX=0x0000000000000009, RBX=0x000000000000006c, RCX=0x0000000000000000, RDX=0x0000000000000000
RSP=0x000000030e0f49c0, RBP=0x000000030e0f4a28, RSI=0x000000030e0f4968, RDI=0x00007f84ee00e800
R8 =0x0000000000000000, R9 =0x0000000000000000, R10=0x0000000111f2ca80, R11=0x0000000111f1a32b
R12=0x0000000000000000, R13=0x000000012748f510, R14=0x000000030e0f4a58, R15=0x00007f84ee00e800
RIP=0x00000001135ff8c8, EFLAGS=0x0000000000000a87, ERR=0x0000000000000000
  TRAPNO=0x0000000000000000

Top of Stack: (sp=0x000000030e0f49c0)
0x000000030e0f49c0:   0000000000000002 00000007956f02e8
0x000000030e0f49d0:   00000007956f02e8 00000007956f02a0
0x000000030e0f49e0:   000000079559e6e0 000000030e0f49e8
0x000000030e0f49f0:   000000012748f508 000000030e0f4a58
0x000000030e0f4a00:   000000012748f930 0000000000000000
0x000000030e0f4a10:   000000012748f630 0000000000000000
0x000000030e0f4a20:   000000030e0f4a58 000000030e0f4ac0
0x000000030e0f4a30:   00000001135e37a7 0000000000000000
0x000000030e0f4a40:   0000000000000000 0000000000000009
0x000000030e0f4a50:   00000007955f0f20 00000007955ec5f0
0x000000030e0f4a60:   00007f8400001fa0 000000012748f630
0x000000030e0f4a70:   000000030e0f4e88 00007f84ee00e800
0x000000030e0f4a80:   00007f84ee00e800 0000000000000001
0x000000030e0f4a90:   000000030e0f4b30 000000030e0f4e88
0x000000030e0f4aa0:   000000000000000a 000000012748f630
0x000000030e0f4ab0:   00000001135f6600 000000030e0f4ce0
0x000000030e0f4ac0:   000000030e0f4c30 0000000111ad63b3
0x000000030e0f4ad0:   0000000000000001 00007f84ee00e800
0x000000030e0f4ae0:   000000030e0f4bd0 00007f84ee00e800
0x000000030e0f4af0:   00007f84ede12680 00007f84ede12160
0x000000030e0f4b00:   00007f84ede12170 00007f84ede12248
0x000000030e0f4b10:   00000000000000d8 00007f84ede12090
0x000000030e0f4b20:   00000001135e371f 000000030e0f4e08
0x000000030e0f4b30:   00007f84ee00e800 00007f84ede13500
0x000000030e0f4b40:   000000012748f630 0000000000000000
0x000000030e0f4b50:   0000000000000000 0000000000000000
0x000000030e0f4b60:   0000000000000000 000000030e0f4e80
0x000000030e0f4b70:   00000001135f6600 0000000000004600
0x000000030e0f4b80:   000000030e0f4ba0 000000012748f630
0x000000030e0f4b90:   00007f84ee00e800 000000012748f630
0x000000030e0f4ba0:   00007f84ee00e800 000000012748f630
0x000000030e0f4bb0:   00007f84ee00e800 00007f84ee00e800 

Instructions: (pc=0x00000001135ff8c8)
0x00000001135ff8a8:   c8 8b 04 24 48 83 c4 08 81 f8 00 00 00 80 0f 85
0x00000001135ff8b8:   0b 00 00 00 33 d2 83 f9 ff 0f 84 03 00 00 00 99
0x00000001135ff8c8:   f7 f9 41 0f b6 5d 01 49 ff c5 49 ba 80 ca f2 11
0x00000001135ff8d8:   01 00 00 00 41 ff 24 da 80 00 00 00 00 00 00 00 

Register to memory mapping:

RAX=0x0000000000000009 is an unknown value
RBX=0x000000000000006c is an unknown value
RCX=0x0000000000000000 is an unknown value
RDX=0x0000000000000000 is an unknown value
RSP=0x000000030e0f49c0 is pointing into the stack for thread: 0x00007f84ee00e800
RBP=0x000000030e0f4a28 is pointing into the stack for thread: 0x00007f84ee00e800
RSI=0x000000030e0f4968 is pointing into the stack for thread: 0x00007f84ee00e800
RDI=0x00007f84ee00e800 is a thread
R8 =0x0000000000000000 is an unknown value
R9 =0x0000000000000000 is an unknown value
R10=0x0000000111f2ca80: _ZN19TemplateInterpreter13_active_tableE+0x2000 in /Library/Internet Plug-Ins/JavaAppletPlugin.plugin/Contents/Home/lib/server/libjvm.dylib at 0x0000000111800000
R11=0x0000000111f1a32b: AssumeMP+0 in /Library/Internet Plug-Ins/JavaAppletPlugin.plugin/Contents/Home/lib/server/libjvm.dylib at 0x0000000111800000
R12=0x0000000000000000 is an unknown value
R13=0x000000012748f510 is pointing into metadata
R14=0x000000030e0f4a58 is pointing into the stack for thread: 0x00007f84ee00e800
R15=0x00007f84ee00e800 is a thread


Stack: [0x000000030dff5000,0x000000030e0f5000],  sp=0x000000030e0f49c0,  free space=1022k
Native frames: (J=compiled Java code, j=interpreted, Vv=VM code, C=native code)
j  ch10_3_example.ExceptionCase2.main([Ljava/lang/String;)V+56
v  ~StubRoutines::call_stub
V  [libjvm.dylib+0x2d63b3]
V  [libjvm.dylib+0x306ce6]
V  [libjvm.dylib+0x30a351]
C  [java+0x3858]  JavaMain+0x9bb
C  [libsystem_pthread.dylib+0x6950]  _pthread_start+0xe0
C  [libsystem_pthread.dylib+0x247b]  thread_start+0xf
C  0x0000000000000000


---------------  P R O C E S S  ---------------

Java Threads: ( => current thread )
  0x00007f84ef062000 JavaThread "Service Thread" daemon [_thread_blocked, id=23559, stack(0x000000030f236000,0x000000030f336000)]
  0x00007f84ef81a000 JavaThread "C1 CompilerThread3" daemon [_thread_blocked, id=41987, stack(0x000000030f133000,0x000000030f233000)]
  0x00007f84ef812000 JavaThread "C2 CompilerThread2" daemon [_thread_blocked, id=22787, stack(0x000000030f030000,0x000000030f130000)]
  0x00007f84ef051000 JavaThread "C2 CompilerThread1" daemon [_thread_blocked, id=42499, stack(0x000000030ef2d000,0x000000030f02d000)]
  0x00007f84ee843000 JavaThread "C2 CompilerThread0" daemon [_thread_blocked, id=42755, stack(0x000000030ee2a000,0x000000030ef2a000)]
  0x00007f84ee818000 JavaThread "Signal Dispatcher" daemon [_thread_blocked, id=22019, stack(0x000000030ed27000,0x000000030ee27000)]
  0x00007f84ee814800 JavaThread "Finalizer" daemon [_thread_blocked, id=18463, stack(0x000000030eb16000,0x000000030ec16000)]
  0x00007f84ee010000 JavaThread "Reference Handler" daemon [_thread_blocked, id=13603, stack(0x000000030ea13000,0x000000030eb13000)]
=>0x00007f84ee00e800 JavaThread "main" [_thread_in_Java, id=6659, stack(0x000000030dff5000,0x000000030e0f5000)]

Other Threads:
  0x00007f84ef047800 VMThread [stack: 0x000000030e910000,0x000000030ea10000] [id=13059]
  0x00007f84ee81d800 WatcherThread [stack: 0x000000030f339000,0x000000030f439000] [id=40983]

VM state:not at safepoint (normal execution)

VM Mutex/Monitor currently owned by a thread: None

heap address: 0x0000000740000000, size: 2048 MB, Compressed Oops mode: Zero based, Oop shift amount: 3
Narrow klass base: 0x0000000000000000, Narrow klass shift: 3
Compressed class space size: 1073741824 Address: 0x00000007c0000000

Heap:
 PSYoungGen      total 38400K, used 1996K [0x0000000795580000, 0x0000000798000000, 0x00000007c0000000)
  eden space 33280K, 6% used [0x0000000795580000,0x0000000795773348,0x0000000797600000)
  from space 5120K, 0% used [0x0000000797b00000,0x0000000797b00000,0x0000000798000000)
  to   space 5120K, 0% used [0x0000000797600000,0x0000000797600000,0x0000000797b00000)
 ParOldGen       total 87552K, used 0K [0x0000000740000000, 0x0000000745580000, 0x0000000795580000)
  object space 87552K, 0% used [0x0000000740000000,0x0000000740000000,0x0000000745580000)
 Metaspace       used 3281K, capacity 4486K, committed 4864K, reserved 1056768K
  class space    used 370K, capacity 386K, committed 512K, reserved 1048576K

Card table byte_map: [0x00000001225e3000,0x00000001229e4000] byte_map_base: 0x000000011ebe3000

Marking Bits: (ParMarkBitMap*) 0x0000000111f24298
 Begin Bits: [0x0000000122c8f000, 0x0000000124c8f000)
 End Bits:   [0x0000000124c8f000, 0x0000000126c8f000)

Polling page: 0x000000010d1b3000

CodeCache: size=245760Kb used=1171Kb max_used=1171Kb free=244588Kb
 bounds [0x00000001135e3000, 0x0000000113853000, 0x00000001225e3000]
 total_blobs=300 nmethods=60 adapters=155
 compilation: enabled

Compilation events (10 events):
Event: 0.098 Thread 0x00007f84ef81a000   56       3       java.util.regex.Pattern::peek (26 bytes)
Event: 0.098 Thread 0x00007f84ef81a000 nmethod 56 0x0000000113706a50 code [0x0000000113706be0, 0x0000000113706e88]
Event: 0.098 Thread 0x00007f84ef81a000   57       3       java.lang.Character::isBmpCodePoint (13 bytes)
Event: 0.099 Thread 0x00007f84ef81a000 nmethod 57 0x0000000113706fd0 code [0x0000000113707140, 0x00000001137072d0]
Event: 0.099 Thread 0x00007f84ef81a000   58       3       java.util.regex.Pattern::next (33 bytes)
Event: 0.099 Thread 0x00007f84ef81a000 nmethod 58 0x0000000113707350 code [0x00000001137074e0, 0x00000001137077a8]
Event: 0.099 Thread 0x00007f84ef81a000   59       1       java.util.regex.Pattern::flags (5 bytes)
Event: 0.099 Thread 0x00007f84ef81a000 nmethod 59 0x00000001137078d0 code [0x0000000113707a20, 0x0000000113707b30]
Event: 2.508 Thread 0x00007f84ef81a000   60       1       java.nio.Buffer::position (5 bytes)
Event: 2.508 Thread 0x00007f84ef81a000 nmethod 60 0x0000000113707b90 code [0x0000000113707ce0, 0x0000000113707df0]

GC Heap History (0 events):
No events

Deoptimization events (0 events):
No events

Classes redefined (0 events):
No events

Internal exceptions (6 events):
Event: 0.027 Thread 0x00007f84ee00e800 Exception <a 'java/lang/NoSuchMethodError': Method sun.misc.Unsafe.defineClass(Ljava/lang/String;[BII)Ljava/lang/Class; name or signature does not match> (0x0000000795587cc0) thrown at [/System/Volumes/Data/jenkins/workspace/8-2-build-macosx-x86_64/jdk8u3
Event: 0.028 Thread 0x00007f84ee00e800 Exception <a 'java/lang/NoSuchMethodError': Method sun.misc.Unsafe.prefetchRead(Ljava/lang/Object;J)V name or signature does not match> (0x0000000795587fa8) thrown at [/System/Volumes/Data/jenkins/workspace/8-2-build-macosx-x86_64/jdk8u301/1513/hotspot/sr
Event: 0.082 Thread 0x00007f84ee00e800 Exception <a 'java/security/PrivilegedActionException'> (0x0000000795613658) thrown at [/System/Volumes/Data/jenkins/workspace/8-2-build-macosx-x86_64/jdk8u301/1513/hotspot/src/share/vm/prims/jvm.cpp, line 1523]
Event: 0.082 Thread 0x00007f84ee00e800 Exception <a 'java/security/PrivilegedActionException'> (0x0000000795613868) thrown at [/System/Volumes/Data/jenkins/workspace/8-2-build-macosx-x86_64/jdk8u301/1513/hotspot/src/share/vm/prims/jvm.cpp, line 1523]
Event: 0.084 Thread 0x00007f84ee00e800 Exception <a 'java/security/PrivilegedActionException'> (0x00000007956180a8) thrown at [/System/Volumes/Data/jenkins/workspace/8-2-build-macosx-x86_64/jdk8u301/1513/hotspot/src/share/vm/prims/jvm.cpp, line 1523]
Event: 0.084 Thread 0x00007f84ee00e800 Exception <a 'java/security/PrivilegedActionException'> (0x00000007956182b8) thrown at [/System/Volumes/Data/jenkins/workspace/8-2-build-macosx-x86_64/jdk8u301/1513/hotspot/src/share/vm/prims/jvm.cpp, line 1523]

Events (10 events):
Event: 0.097 loading class java/util/regex/Pattern$5
Event: 0.097 loading class java/util/regex/Pattern$5 done
Event: 0.097 loading class java/util/regex/Pattern$BranchConn
Event: 0.097 loading class java/util/regex/Pattern$BranchConn done
Event: 0.097 loading class java/util/regex/Pattern$Branch
Event: 0.097 loading class java/util/regex/Pattern$Branch done
Event: 0.097 loading class java/util/regex/Pattern$Single
Event: 0.097 loading class java/util/regex/Pattern$Single done
Event: 0.098 loading class java/util/regex/Pattern$GroupCurly
Event: 0.098 loading class java/util/regex/Pattern$GroupCurly done


Dynamic libraries:
0x00007ffdfff02000 	/Library/Apple/usr/libexec/oah/runtime
0x00007fff352d0000 	/System/Library/Frameworks/Cocoa.framework/Versions/A/Cocoa
0x00007fff22178000 	/System/Library/Frameworks/Security.framework/Versions/A/Security
0x00007fff334cd000 	/System/Library/Frameworks/ApplicationServices.framework/Versions/A/ApplicationServices
0x00007fff2a61e000 	/usr/lib/libz.1.dylib
0x00007fff2a6ea000 	/usr/lib/libSystem.B.dylib
0x00007fff20409000 	/System/Library/Frameworks/CoreFoundation.framework/Versions/A/CoreFoundation
0x00007fff210eb000 	/System/Library/Frameworks/Foundation.framework/Versions/C/Foundation
0x00007fff20228000 	/usr/lib/libobjc.A.dylib
0x00007fff22b9f000 	/System/Library/Frameworks/AppKit.framework/Versions/C/AppKit
0x00007fff25a5d000 	/System/Library/Frameworks/CoreData.framework/Versions/A/CoreData
0x00007fff23902000 	/System/Library/PrivateFrameworks/UIFoundation.framework/Versions/A/UIFoundation
0x00007fff2feac000 	/System/Library/PrivateFrameworks/RemoteViewServices.framework/Versions/A/RemoteViewServices
0x00007fff28c39000 	/System/Library/PrivateFrameworks/XCTTargetBootstrap.framework/Versions/A/XCTTargetBootstrap
0x00007fff2b988000 	/usr/lib/libspindump.dylib
0x00007fff23b57000 	/System/Library/Frameworks/UniformTypeIdentifiers.framework/Versions/A/UniformTypeIdentifiers
0x00007fff2740f000 	/usr/lib/libapp_launch_measurement.dylib
0x00007fff27412000 	/System/Library/PrivateFrameworks/CoreAutoLayout.framework/Versions/A/CoreAutoLayout
0x00007fff2859b000 	/System/Library/Frameworks/Metal.framework/Versions/A/Metal
0x00007fff2928f000 	/usr/lib/liblangid.dylib
0x00007fff28c3d000 	/System/Library/PrivateFrameworks/CoreSVG.framework/Versions/A/CoreSVG
0x00007fff24b3e000 	/System/Library/PrivateFrameworks/SkyLight.framework/Versions/A/SkyLight
0x00007fff24ea5000 	/System/Library/Frameworks/CoreGraphics.framework/Versions/A/CoreGraphics
0x00007fff30503000 	/System/Library/Frameworks/Accelerate.framework/Versions/A/Accelerate
0x00007fff2b3c3000 	/System/Library/PrivateFrameworks/IconServices.framework/Versions/A/IconServices
0x00007fff28580000 	/System/Library/Frameworks/IOSurface.framework/Versions/A/IOSurface
0x00007fff263ef000 	/usr/lib/libDiagnosticMessagesClient.dylib
0x00007fff28c25000 	/System/Library/PrivateFrameworks/DFRFoundation.framework/Versions/A/DFRFoundation
0x00007fff224ca000 	/usr/lib/libicucore.A.dylib
0x00007fff2cecd000 	/System/Library/Frameworks/AudioToolbox.framework/Versions/A/AudioToolbox
0x00007fff2c172000 	/System/Library/PrivateFrameworks/DataDetectorsCore.framework/Versions/A/DataDetectorsCore
0x00007fff28925000 	/System/Library/Frameworks/Carbon.framework/Versions/A/Frameworks/HIToolbox.framework/Versions/A/HIToolbox
0x00007fff26e6a000 	/System/Library/Frameworks/QuartzCore.framework/Versions/A/QuartzCore
0x00007fff2fee8000 	/System/Library/Frameworks/Carbon.framework/Versions/A/Frameworks/SpeechRecognition.framework/Versions/A/SpeechRecognition
0x00007fff27177000 	/System/Library/PrivateFrameworks/CoreUI.framework/Versions/A/CoreUI
0x00007fff21ad3000 	/System/Library/Frameworks/CoreAudio.framework/Versions/A/CoreAudio
0x00007fff264da000 	/System/Library/Frameworks/DiskArbitration.framework/Versions/A/DiskArbitration
0x00007fff2bd82000 	/System/Library/PrivateFrameworks/MultitouchSupport.framework/Versions/A/MultitouchSupport
0x00007fff2c169000 	/System/Library/PrivateFrameworks/InternationalSupport.framework/Versions/A/InternationalSupport
0x00007fff24ab2000 	/usr/lib/libenergytrace.dylib
0x00007fff22a98000 	/System/Library/Frameworks/IOKit.framework/Versions/A/IOKit
0x00007fff30235000 	/System/Library/Frameworks/CoreServices.framework/Versions/A/CoreServices
0x00007fff273a5000 	/System/Library/PrivateFrameworks/PerformanceAnalysis.framework/Versions/A/PerformanceAnalysis
0x00007fff6cbab000 	/System/Library/Frameworks/OpenGL.framework/Versions/A/OpenGL
0x00007fff2c1ee000 	/System/Library/PrivateFrameworks/UserActivity.framework/Versions/A/UserActivity
0x00007fff2555f000 	/System/Library/Frameworks/ColorSync.framework/Versions/A/ColorSync
0x00007fff28ea6000 	/System/Library/Frameworks/CoreImage.framework/Versions/A/CoreImage
0x00007fff218ea000 	/System/Library/Frameworks/CoreText.framework/Versions/A/CoreText
0x00007fff28c67000 	/System/Library/Frameworks/ImageIO.framework/Versions/A/ImageIO
0x00007fff2a6f0000 	/System/Library/PrivateFrameworks/SoftLinking.framework/Versions/A/SoftLinking
0x00007fff2745b000 	/usr/lib/libxml2.2.dylib
0x00007fff202ee000 	/usr/lib/libc++.1.dylib
0x00007fff2a962000 	/usr/lib/libcompression.dylib
0x00007fff24ab3000 	/usr/lib/libMobileGestalt.dylib
0x00007fff2c09c000 	/System/Library/PrivateFrameworks/TextureIO.framework/Versions/A/TextureIO
0x00007fff2b050000 	/usr/lib/libate.dylib
0x00007fff2a6e4000 	/usr/lib/system/libcache.dylib
0x00007fff2a6a0000 	/usr/lib/system/libcommonCrypto.dylib
0x00007fff2a6ca000 	/usr/lib/system/libcompiler_rt.dylib
0x00007fff2a6bf000 	/usr/lib/system/libcopyfile.dylib
0x00007fff20116000 	/usr/lib/system/libcorecrypto.dylib
0x00007fff201e3000 	/usr/lib/system/libdispatch.dylib
0x00007fff20398000 	/usr/lib/system/libdyld.dylib
0x00007fff2a6db000 	/usr/lib/system/libkeymgr.dylib
0x00007fff2dc7f000 	/usr/lib/system/liblaunch.dylib
0x00007fff2a67e000 	/usr/lib/system/libmacho.dylib
0x00007fff29e93000 	/usr/lib/system/libquarantine.dylib
0x00007fff2a6d8000 	/usr/lib/system/libremovefile.dylib
0x00007fff24b0f000 	/usr/lib/system/libsystem_asl.dylib
0x00007fff200c6000 	/usr/lib/system/libsystem_blocks.dylib
0x00007fff20265000 	/usr/lib/system/libsystem_c.dylib
0x00007fff2a6d2000 	/usr/lib/system/libsystem_collections.dylib
0x00007fff29280000 	/usr/lib/system/libsystem_configuration.dylib
0x00007fff2856f000 	/usr/lib/system/libsystem_containermanager.dylib
0x00007fff2a416000 	/usr/lib/system/libsystem_coreservices.dylib
0x00007fff2272c000 	/usr/lib/system/libsystem_darwin.dylib
0x00007fff2a6dc000 	/usr/lib/system/libsystem_dnssd.dylib
0x00007fff20262000 	/usr/lib/system/libsystem_featureflags.dylib
0x00007fff203dd000 	/usr/lib/system/libsystem_info.dylib
0x00007fff2a631000 	/usr/lib/system/libsystem_m.dylib
0x00007fff201b6000 	/usr/lib/system/libsystem_malloc.dylib
0x00007fff24aa3000 	/usr/lib/system/libsystem_networkextension.dylib
0x00007fff22b47000 	/usr/lib/system/libsystem_notify.dylib
0x00007fff30133000 	/usr/lib/system/libsystem_product_info_filter.dylib
0x00007fff29284000 	/usr/lib/system/libsystem_sandbox.dylib
0x00007fff2a6d5000 	/usr/lib/system/libsystem_secinit.dylib
0x00007fff2035d000 	/usr/lib/system/libsystem_kernel.dylib
0x00007fff203d3000 	/usr/lib/system/libsystem_platform.dylib
0x00007fff2038c000 	/usr/lib/system/libsystem_pthread.dylib
0x00007fff2623d000 	/usr/lib/system/libsystem_symptoms.dylib
0x00007fff200fe000 	/usr/lib/system/libsystem_trace.dylib
0x00007fff2a6ac000 	/usr/lib/system/libunwind.dylib
0x00007fff200c8000 	/usr/lib/system/libxpc.dylib
0x00007fff20344000 	/usr/lib/libc++abi.dylib
0x00007fff2a6b7000 	/usr/lib/liboah.dylib
0x00007fff2ad7b000 	/usr/lib/liblzma.5.dylib
0x00007fff20dff000 	/System/Library/Frameworks/SystemConfiguration.framework/Versions/A/SystemConfiguration
0x00007fff2a6ec000 	/usr/lib/libfakelink.dylib
0x00007fff24605000 	/System/Library/Frameworks/CFNetwork.framework/Versions/A/CFNetwork
0x00007fff2a82c000 	/usr/lib/libarchive.2.dylib
0x00007fff20e7d000 	/usr/lib/libCRFSuite.dylib
0x00007fff29eba000 	/usr/lib/libbsm.0.dylib
0x00007fff23fc1000 	/usr/lib/libnetwork.dylib
0x00007fff2a6f1000 	/usr/lib/libpcap.A.dylib
0x00007fff26236000 	/usr/lib/libdns_services.dylib
0x00007fff2ad94000 	/usr/lib/libcoretls_cfhelpers.dylib
0x00007fff2a930000 	/usr/lib/libapple_nghttp2.dylib
0x00007fff2a684000 	/usr/lib/system/libkxld.dylib
0x00007fff25ea4000 	/usr/lib/libsqlite3.dylib
0x00007fff2a3f8000 	/System/Library/PrivateFrameworks/AppleFSCompression.framework/Versions/A/AppleFSCompression
0x00007fff29ea2000 	/usr/lib/libcoretls.dylib
0x00007fff2a95d000 	/usr/lib/libpam.2.dylib
0x00007fff2ae91000 	/usr/lib/libxar.1.dylib
0x00007fff2928b000 	/System/Library/PrivateFrameworks/AppleSystemInfo.framework/Versions/A/AppleSystemInfo
0x00007fff29ae5000 	/System/Library/PrivateFrameworks/IOMobileFramebuffer.framework/Versions/A/IOMobileFramebuffer
0x00007fff2a408000 	/usr/lib/libbz2.1.0.dylib
0x00007fff2a729000 	/usr/lib/libiconv.2.dylib
0x00007fff2a67d000 	/usr/lib/libcharset.1.dylib
0x00007fff273e1000 	/System/Library/Frameworks/CoreServices.framework/Versions/A/Frameworks/FSEvents.framework/Versions/A/FSEvents
0x00007fff22736000 	/System/Library/Frameworks/CoreServices.framework/Versions/A/Frameworks/CarbonCore.framework/Versions/A/CarbonCore
0x00007fff2643f000 	/System/Library/Frameworks/CoreServices.framework/Versions/A/Frameworks/Metadata.framework/Versions/A/Metadata
0x00007fff2a41b000 	/System/Library/Frameworks/CoreServices.framework/Versions/A/Frameworks/OSServices.framework/Versions/A/OSServices
0x00007fff2a89e000 	/System/Library/Frameworks/CoreServices.framework/Versions/A/Frameworks/SearchKit.framework/Versions/A/SearchKit
0x00007fff261c0000 	/System/Library/Frameworks/CoreServices.framework/Versions/A/Frameworks/AE.framework/Versions/A/AE
0x00007fff208a5000 	/System/Library/Frameworks/CoreServices.framework/Versions/A/Frameworks/LaunchServices.framework/Versions/A/LaunchServices
0x00007fff2ad2c000 	/System/Library/Frameworks/CoreServices.framework/Versions/A/Frameworks/DictionaryServices.framework/Versions/A/DictionaryServices
0x00007fff273ea000 	/System/Library/Frameworks/CoreServices.framework/Versions/A/Frameworks/SharedFileList.framework/Versions/A/SharedFileList
0x00007fff29e96000 	/usr/lib/libCheckFix.dylib
0x00007fff24b26000 	/System/Library/PrivateFrameworks/TCC.framework/Versions/A/TCC
0x00007fff29291000 	/System/Library/PrivateFrameworks/CoreNLP.framework/Versions/A/CoreNLP
0x00007fff263f2000 	/System/Library/PrivateFrameworks/MetadataUtilities.framework/Versions/A/MetadataUtilities
0x00007fff20eb3000 	/usr/lib/libmecabra.dylib
0x00007fff2a1aa000 	/System/Library/Frameworks/MLCompute.framework/Versions/A/MLCompute
0x00007fff29ecb000 	/usr/lib/libmecab.dylib
0x00007fff29f15000 	/usr/lib/libgermantok.dylib
0x00007fff2a906000 	/usr/lib/libThaiTokenizer.dylib
0x00007fff2aecc000 	/usr/lib/libChineseTokenizer.dylib
0x00007fff2a95b000 	/System/Library/Frameworks/MetalPerformanceShaders.framework/Versions/A/MetalPerformanceShaders
0x00007fff264e1000 	/System/Library/Frameworks/Accelerate.framework/Versions/A/Frameworks/vImage.framework/Versions/A/vImage
0x00007fff3020e000 	/System/Library/Frameworks/Accelerate.framework/Versions/A/Frameworks/vecLib.framework/Versions/A/vecLib
0x00007fff2aed7000 	/System/Library/Frameworks/Accelerate.framework/Versions/A/Frameworks/vecLib.framework/Versions/A/libvMisc.dylib
0x00007fff29941000 	/System/Library/Frameworks/Accelerate.framework/Versions/A/Frameworks/vecLib.framework/Versions/A/libvDSP.dylib
0x00007fff20ba9000 	/System/Library/Frameworks/Accelerate.framework/Versions/A/Frameworks/vecLib.framework/Versions/A/libBLAS.dylib
0x00007fff2a981000 	/System/Library/Frameworks/Accelerate.framework/Versions/A/Frameworks/vecLib.framework/Versions/A/libLAPACK.dylib
0x00007fff29f1b000 	/System/Library/Frameworks/Accelerate.framework/Versions/A/Frameworks/vecLib.framework/Versions/A/libLinearAlgebra.dylib
0x00007fff2a948000 	/System/Library/Frameworks/Accelerate.framework/Versions/A/Frameworks/vecLib.framework/Versions/A/libSparseBLAS.dylib
0x00007fff2a97b000 	/System/Library/Frameworks/Accelerate.framework/Versions/A/Frameworks/vecLib.framework/Versions/A/libQuadrature.dylib
0x00007fff29339000 	/System/Library/Frameworks/Accelerate.framework/Versions/A/Frameworks/vecLib.framework/Versions/A/libBNNS.dylib
0x00007fff20d90000 	/System/Library/Frameworks/Accelerate.framework/Versions/A/Frameworks/vecLib.framework/Versions/A/libSparse.dylib
0x00007fff29224000 	/System/Library/Frameworks/MetalPerformanceShaders.framework/Versions/A/Frameworks/MPSCore.framework/Versions/A/MPSCore
0x00007fff2a367000 	/System/Library/Frameworks/MetalPerformanceShaders.framework/Versions/A/Frameworks/MPSImage.framework/Versions/A/MPSImage
0x00007fff29f32000 	/System/Library/Frameworks/MetalPerformanceShaders.framework/Versions/A/Frameworks/MPSNeuralNetwork.framework/Versions/A/MPSNeuralNetwork
0x00007fff2a2f2000 	/System/Library/Frameworks/MetalPerformanceShaders.framework/Versions/A/Frameworks/MPSMatrix.framework/Versions/A/MPSMatrix
0x00007fff2a15a000 	/System/Library/Frameworks/MetalPerformanceShaders.framework/Versions/A/Frameworks/MPSRayIntersector.framework/Versions/A/MPSRayIntersector
0x00007fff2a329000 	/System/Library/Frameworks/MetalPerformanceShaders.framework/Versions/A/Frameworks/MPSNDArray.framework/Versions/A/MPSNDArray
0x00007fff20ad5000 	/System/Library/PrivateFrameworks/MetalTools.framework/Versions/A/MetalTools
0x00007fff29289000 	/System/Library/PrivateFrameworks/AggregateDictionary.framework/Versions/A/AggregateDictionary
0x00007fff263ca000 	/System/Library/PrivateFrameworks/CoreAnalytics.framework/Versions/A/CoreAnalytics
0x00007fff2a908000 	/System/Library/PrivateFrameworks/AppleSauce.framework/Versions/A/AppleSauce
0x00007fff28592000 	/System/Library/PrivateFrameworks/IOAccelerator.framework/Versions/A/IOAccelerator
0x00007fff6cb9f000 	/System/Library/Frameworks/OpenGL.framework/Versions/A/Libraries/libCoreFSCache.dylib
0x00007fff2144f000 	/System/Library/PrivateFrameworks/LanguageModeling.framework/Versions/A/LanguageModeling
0x00007fff29ad2000 	/System/Library/PrivateFrameworks/CoreEmoji.framework/Versions/A/CoreEmoji
0x00007fff29332000 	/System/Library/PrivateFrameworks/LinguisticData.framework/Versions/A/LinguisticData
0x00007fff20d42000 	/System/Library/PrivateFrameworks/Lexicon.framework/Versions/A/Lexicon
0x00007fff2a81a000 	/usr/lib/libcmph.dylib
0x00007fff273c1000 	/System/Library/Frameworks/OpenDirectory.framework/Versions/A/Frameworks/CFOpenDirectory.framework/Versions/A/CFOpenDirectory
0x00007fff273b1000 	/System/Library/Frameworks/OpenDirectory.framework/Versions/A/OpenDirectory
0x00007fff2ad96000 	/System/Library/PrivateFrameworks/APFS.framework/Versions/A/APFS
0x00007fff29df7000 	/System/Library/Frameworks/SecurityFoundation.framework/Versions/A/SecurityFoundation
0x00007fff2ae9f000 	/usr/lib/libutil.dylib
0x00007fff22a5d000 	/System/Library/PrivateFrameworks/CoreServicesStore.framework/Versions/A/CoreServicesStore
0x00007fff29e8e000 	/System/Library/Frameworks/ServiceManagement.framework/Versions/A/ServiceManagement
0x00007fff2aea3000 	/usr/lib/libxslt.1.dylib
0x00007fff29e84000 	/System/Library/PrivateFrameworks/BackgroundTaskManagement.framework/Versions/A/BackgroundTaskManagement
0x00007fff2bfe7000 	/System/Library/Frameworks/ImageIO.framework/Versions/A/Resources/libRadiance.dylib
0x00007fff2bff0000 	/System/Library/Frameworks/ImageIO.framework/Versions/A/Resources/libJPEG.dylib
0x00007fff2bf3c000 	/System/Library/Frameworks/ImageIO.framework/Versions/A/Resources/libPng.dylib
0x00007fff2bf63000 	/System/Library/Frameworks/ImageIO.framework/Versions/A/Resources/libTIFF.dylib
0x00007fff2c045000 	/System/Library/Frameworks/ImageIO.framework/Versions/A/Resources/libGIF.dylib
0x00007fff2bca0000 	/System/Library/Frameworks/ImageIO.framework/Versions/A/Resources/libJP2.dylib
0x00007fff2b38a000 	/usr/lib/libexpat.1.dylib
0x00007fff2bc55000 	/System/Library/PrivateFrameworks/AppleJPEG.framework/Versions/A/AppleJPEG
0x00007fff287c8000 	/System/Library/PrivateFrameworks/FontServices.framework/libFontParser.dylib
0x00007fff26174000 	/System/Library/PrivateFrameworks/RunningBoardServices.framework/Versions/A/RunningBoardServices
0x00007fff2bd7e000 	/System/Library/PrivateFrameworks/WatchdogClient.framework/Versions/A/WatchdogClient
0x00007fff2153c000 	/System/Library/Frameworks/CoreDisplay.framework/Versions/A/CoreDisplay
0x00007fff286de000 	/System/Library/Frameworks/CoreMedia.framework/Versions/A/CoreMedia
0x00007fff2753e000 	/System/Library/Frameworks/CoreVideo.framework/Versions/A/CoreVideo
0x00007fff2bdb6000 	/System/Library/Frameworks/VideoToolbox.framework/Versions/A/VideoToolbox
0x00007fff260f2000 	/System/Library/PrivateFrameworks/BaseBoard.framework/Versions/A/BaseBoard
0x00007fff2b4cf000 	/System/Library/PrivateFrameworks/PersistentConnection.framework/Versions/A/PersistentConnection
0x00007fff25e8d000 	/System/Library/PrivateFrameworks/ProtocolBuffer.framework/Versions/A/ProtocolBuffer
0x00007fff260d9000 	/System/Library/PrivateFrameworks/CommonUtilities.framework/Versions/A/CommonUtilities
0x00007fff2bbea000 	/System/Library/PrivateFrameworks/Bom.framework/Versions/A/Bom
0x00007fff2bfe0000 	/System/Library/PrivateFrameworks/GPUWrangler.framework/Versions/A/GPUWrangler
0x00007fff2bfc3000 	/System/Library/PrivateFrameworks/IOPresentment.framework/Versions/A/IOPresentment
0x00007fff2bfea000 	/System/Library/PrivateFrameworks/DSExternalDisplay.framework/Versions/A/DSExternalDisplay
0x00007fff2c04a000 	/System/Library/PrivateFrameworks/CMCaptureCore.framework/Versions/A/CMCaptureCore
0x00007fff2b96f000 	/System/Library/PrivateFrameworks/AppServerSupport.framework/Versions/A/AppServerSupport
0x00007fff2da1e000 	/System/Library/PrivateFrameworks/perfdata.framework/Versions/A/perfdata
0x00007fff29de6000 	/System/Library/PrivateFrameworks/AssertionServices.framework/Versions/A/AssertionServices
0x00007fff21673000 	/System/Library/PrivateFrameworks/AudioToolboxCore.framework/Versions/A/AudioToolboxCore
0x00007fff286c1000 	/System/Library/PrivateFrameworks/caulk.framework/Versions/A/caulk
0x00007fff3d6c9000 	/System/Library/PrivateFrameworks/SystemPolicy.framework/Versions/A/SystemPolicy
0x00007fff2b17f000 	/usr/lib/libIOReport.dylib
0x00007fff2d240000 	/usr/lib/libSMC.dylib
0x00007fff2bf09000 	/usr/lib/libAudioToolboxUtility.dylib
0x00007fff3e033000 	/usr/lib/libmis.dylib
0x00007fff6cbfb000 	/System/Library/Frameworks/OpenGL.framework/Versions/A/Libraries/libGLU.dylib
0x00007fff6cbbe000 	/System/Library/Frameworks/OpenGL.framework/Versions/A/Libraries/libGFXShared.dylib
0x00007fff6cdcd000 	/System/Library/Frameworks/OpenGL.framework/Versions/A/Libraries/libGL.dylib
0x00007fff6cbc7000 	/System/Library/Frameworks/OpenGL.framework/Versions/A/Libraries/libGLImage.dylib
0x00007fff6cbbb000 	/System/Library/Frameworks/OpenGL.framework/Versions/A/Libraries/libCVMSPluginSupport.dylib
0x00007fff6cba6000 	/System/Library/Frameworks/OpenGL.framework/Versions/A/Libraries/libCoreVMClient.dylib
0x00007fff6e20e000 	/System/Library/Frameworks/OpenCL.framework/Versions/A/OpenCL
0x00007fff2b4f9000 	/System/Library/PrivateFrameworks/GraphVisualizer.framework/Versions/A/GraphVisualizer
0x00007fff2b508000 	/System/Library/PrivateFrameworks/FaceCore.framework/Versions/A/FaceCore
0x00007fff2b924000 	/System/Library/PrivateFrameworks/OTSVG.framework/Versions/A/OTSVG
0x00007fff27135000 	/System/Library/Frameworks/ApplicationServices.framework/Versions/A/Frameworks/ATS.framework/Versions/A/Resources/libFontRegistry.dylib
0x00007fff2b976000 	/System/Library/PrivateFrameworks/FontServices.framework/libhvf.dylib
0x00007fff2b336000 	/System/Library/PrivateFrameworks/AppleVA.framework/Versions/A/AppleVA
0x00007fff2d089000 	/System/Library/Frameworks/ApplicationServices.framework/Versions/A/Frameworks/ATS.framework/Versions/A/ATS
0x00007fff2d39b000 	/System/Library/Frameworks/ApplicationServices.framework/Versions/A/Frameworks/ColorSyncLegacy.framework/Versions/A/ColorSyncLegacy
0x00007fff25656000 	/System/Library/Frameworks/ApplicationServices.framework/Versions/A/Frameworks/HIServices.framework/Versions/A/HIServices
0x00007fff2d380000 	/System/Library/Frameworks/ApplicationServices.framework/Versions/A/Frameworks/LangAnalysis.framework/Versions/A/LangAnalysis
0x00007fff2c054000 	/System/Library/Frameworks/ApplicationServices.framework/Versions/A/Frameworks/PrintCore.framework/Versions/A/PrintCore
0x00007fff2d3a3000 	/System/Library/Frameworks/ApplicationServices.framework/Versions/A/Frameworks/QD.framework/Versions/A/QD
0x00007fff2d079000 	/System/Library/Frameworks/ApplicationServices.framework/Versions/A/Frameworks/SpeechSynthesis.framework/Versions/A/SpeechSynthesis
0x00007fff2c015000 	/System/Library/Frameworks/ApplicationServices.framework/Versions/A/Frameworks/ATSUI.framework/Versions/A/ATSUI
0x00007fff2d320000 	/usr/lib/libcups.2.dylib
0x00007fff2d390000 	/System/Library/PrivateFrameworks/NetAuth.framework/Versions/A/NetAuth
0x00007fff2da3a000 	/System/Library/Frameworks/Kerberos.framework/Versions/A/Kerberos
0x00007fff2da4a000 	/System/Library/Frameworks/GSS.framework/Versions/A/GSS
0x00007fff2d0f5000 	/usr/lib/libresolv.9.dylib
0x00007fff2b98b000 	/System/Library/PrivateFrameworks/Heimdal.framework/Versions/A/Heimdal
0x00007fff337ce000 	/System/Library/Frameworks/Kerberos.framework/Versions/A/Libraries/libHeimdalProxy.dylib
0x00007fff26245000 	/System/Library/Frameworks/Network.framework/Versions/A/Network
0x00007fff2b3a4000 	/usr/lib/libheimdal-asn1.dylib
0x00007fff2da9a000 	/System/Library/PrivateFrameworks/CommonAuth.framework/Versions/A/CommonAuth
0x00007fff2758b000 	/System/Library/PrivateFrameworks/login.framework/Versions/A/Frameworks/loginsupport.framework/Versions/A/loginsupport
0x00007fff2cffe000 	/System/Library/PrivateFrameworks/AudioSession.framework/Versions/A/AudioSession
0x00007fff2d066000 	/usr/lib/libAudioStatistics.dylib
0x00007fff2b431000 	/System/Library/PrivateFrameworks/MediaExperience.framework/Versions/A/MediaExperience
0x00007fff2ce9b000 	/System/Library/PrivateFrameworks/AudioSession.framework/libSessionUtility.dylib
0x00007fff2da2b000 	/usr/lib/libperfcheck.dylib
0x00007fff2d3af000 	/System/Library/PrivateFrameworks/AudioResourceArbitration.framework/Versions/A/AudioResourceArbitration
0x00007fff2b3ae000 	/System/Library/PrivateFrameworks/IconFoundation.framework/Versions/A/IconFoundation
0x00007fff2fed8000 	/System/Library/PrivateFrameworks/SpeechRecognitionCore.framework/Versions/A/SpeechRecognitionCore
0x00007fff5dfd5000 	/System/Library/CoreServices/Encodings/libKoreanConverter.dylib
0x0000000111800000 	/Library/Internet Plug-Ins/JavaAppletPlugin.plugin/Contents/Home/lib/server/libjvm.dylib
0x000000010d117000 	/Library/Internet Plug-Ins/JavaAppletPlugin.plugin/Contents/Home/lib/libverify.dylib
0x000000010d13c000 	/Library/Internet Plug-Ins/JavaAppletPlugin.plugin/Contents/Home/lib/libjava.dylib
0x000000010d200000 	/Library/Internet Plug-Ins/JavaAppletPlugin.plugin/Contents/Home/lib/libzip.dylib

VM Arguments:
jvm_args: -Dfile.encoding=UTF-8 
java_command: ch10_3_example.ExceptionCase2
java_class_path (initial): /Applications/Dev211/Studyjava/Chapter10_Exception/bin
Launcher Type: SUN_STANDARD

Environment Variables:
PATH=/usr/bin:/bin:/usr/sbin:/sbin
SHELL=/bin/zsh

Signal Handlers:
SIGSEGV: [libjvm.dylib+0x59bf91], sa_mask[0]=11111111111111111111111111111111, sa_flags=SA_ONSTACK|SA_RESTART|SA_SIGINFO
SIGBUS: [libjvm.dylib+0x59bf91], sa_mask[0]=11111111111111111111111111111111, sa_flags=SA_RESTART|SA_SIGINFO
SIGFPE: [libjvm.dylib+0x48f9b7], sa_mask[0]=11111111111111111111111111111111, sa_flags=SA_RESTART|SA_SIGINFO
SIGPIPE: [libjvm.dylib+0x48f9b7], sa_mask[0]=11111111111111111111111111111111, sa_flags=SA_RESTART|SA_SIGINFO
SIGXFSZ: [libjvm.dylib+0x48f9b7], sa_mask[0]=11111111111111111111111111111111, sa_flags=SA_RESTART|SA_SIGINFO
SIGILL: [libjvm.dylib+0x48f9b7], sa_mask[0]=11111111111111111111111111111111, sa_flags=SA_RESTART|SA_SIGINFO
SIGUSR1: SIG_DFL, sa_mask[0]=00000000000000000000000000000000, sa_flags=none
SIGUSR2: [libjvm.dylib+0x4902a6], sa_mask[0]=00100000000000000000000000000000, sa_flags=SA_RESTART|SA_SIGINFO
SIGHUP: [libjvm.dylib+0x48e503], sa_mask[0]=11111111111111111111111111111111, sa_flags=SA_RESTART|SA_SIGINFO
SIGINT: [libjvm.dylib+0x48e503], sa_mask[0]=11111111111111111111111111111111, sa_flags=SA_RESTART|SA_SIGINFO
SIGTERM: [libjvm.dylib+0x48e503], sa_mask[0]=11111111111111111111111111111111, sa_flags=SA_RESTART|SA_SIGINFO
SIGQUIT: [libjvm.dylib+0x48e503], sa_mask[0]=11111111111111111111111111111111, sa_flags=SA_RESTART|SA_SIGINFO


---------------  S Y S T E M  ---------------

OS:Bsduname:Darwin 20.3.0 Darwin Kernel Version 20.3.0: Thu Jan 21 00:06:51 PST 2021; root:xnu-7195.81.3~1/RELEASE_ARM64_T8101 x86_64
rlimit: STACK 8176k, CORE 0k, NPROC 1333, NOFILE 10240, AS infinity
load average:1.79 2.04 2.33

CPU:total 8 (initial active 8) (1 cores per cpu, 1 threads per core) family 6 model 44 stepping 0, cmov, cx8, fxsr, mmx, sse, sse2, sse3, ssse3, sse4.1, sse4.2, popcnt, aes, clmul, tsc, tscinvbit, tscinv

Memory: 4k page, physical 8388608k(40340k free)

/proc/meminfo:


vm_info: Java HotSpot(TM) 64-Bit Server VM (25.301-b09) for bsd-amd64 JRE (1.8.0_301-b09), built on Jun  9 2021 14:35:36 by "java_re" with gcc 4.2.1 Compatible Apple LLVM 11.0.0 (clang-1100.0.33.17)

time: Wed Aug 11 23:29:59 2021
timezone: KST
elapsed time: 3.795810 seconds (0d 0h 0m 3s)

